[0.032s] Invoking command in '/home/knadimid/autonomy_ws/src/AA_274A_Sections/autonomy_repo/build/autonomy_repo': CMAKE_PREFIX_PATH=${CMAKE_PREFIX_PATH}:/opt/ros/humble /usr/bin/cmake /home/knadimid/autonomy_ws/src/AA_274A_Sections/autonomy_repo -DCMAKE_INSTALL_PREFIX=/home/knadimid/autonomy_ws/src/AA_274A_Sections/autonomy_repo/install/autonomy_repo
[0.271s] -- The C compiler identification is GNU 11.4.0
[0.418s] -- The CXX compiler identification is GNU 11.4.0
[0.454s] -- Detecting C compiler ABI info
[0.589s] -- Detecting C compiler ABI info - done
[0.598s] -- Check for working C compiler: /usr/bin/cc - skipped
[0.600s] -- Detecting C compile features
[0.601s] -- Detecting C compile features - done
[0.608s] -- Detecting CXX compiler ABI info
[0.712s] -- Detecting CXX compiler ABI info - done
[0.718s] -- Check for working CXX compiler: /usr/bin/c++ - skipped
[0.718s] -- Detecting CXX compile features
[0.718s] -- Detecting CXX compile features - done
[0.743s] -- Found ament_cmake: 1.3.12 (/opt/ros/humble/share/ament_cmake/cmake)
[0.909s] -- Found Python3: /usr/bin/python3 (found version "3.10.12") found components: Interpreter 
[1.060s] -- Found ament_lint_auto: 0.12.14 (/opt/ros/humble/share/ament_lint_auto/cmake)
[1.167s] -- Added test 'cppcheck' to perform static code analysis on C / C++ code
[1.167s] -- Configured cppcheck include dirs: 
[1.167s] -- Configured cppcheck exclude dirs and/or files: 
[1.170s] -- Added test 'flake8' to check Python code syntax and style conventions
[1.171s] -- Added test 'lint_cmake' to check CMake code style
[1.173s] -- Added test 'pep257' to check Python code against some of the docstring style conventions in PEP 257
[1.178s] -- Added test 'uncrustify' to check C / C++ code style
[1.178s] -- Configured uncrustify additional arguments: 
[1.181s] -- Added test 'xmllint' to check XML markup files
[1.185s] -- Configuring done
[1.188s] -- Generating done
[1.190s] -- Build files have been written to: /home/knadimid/autonomy_ws/src/AA_274A_Sections/autonomy_repo/build/autonomy_repo
[1.196s] Invoked command in '/home/knadimid/autonomy_ws/src/AA_274A_Sections/autonomy_repo/build/autonomy_repo' returned '0': CMAKE_PREFIX_PATH=${CMAKE_PREFIX_PATH}:/opt/ros/humble /usr/bin/cmake /home/knadimid/autonomy_ws/src/AA_274A_Sections/autonomy_repo -DCMAKE_INSTALL_PREFIX=/home/knadimid/autonomy_ws/src/AA_274A_Sections/autonomy_repo/install/autonomy_repo
[1.197s] Invoking command in '/home/knadimid/autonomy_ws/src/AA_274A_Sections/autonomy_repo/build/autonomy_repo': CMAKE_PREFIX_PATH=${CMAKE_PREFIX_PATH}:/opt/ros/humble /usr/bin/cmake --build /home/knadimid/autonomy_ws/src/AA_274A_Sections/autonomy_repo/build/autonomy_repo -- -j8 -l8
[1.239s] Invoked command in '/home/knadimid/autonomy_ws/src/AA_274A_Sections/autonomy_repo/build/autonomy_repo' returned '0': CMAKE_PREFIX_PATH=${CMAKE_PREFIX_PATH}:/opt/ros/humble /usr/bin/cmake --build /home/knadimid/autonomy_ws/src/AA_274A_Sections/autonomy_repo/build/autonomy_repo -- -j8 -l8
[1.248s] Invoking command in '/home/knadimid/autonomy_ws/src/AA_274A_Sections/autonomy_repo/build/autonomy_repo': CMAKE_PREFIX_PATH=${CMAKE_PREFIX_PATH}:/opt/ros/humble /usr/bin/cmake --install /home/knadimid/autonomy_ws/src/AA_274A_Sections/autonomy_repo/build/autonomy_repo
[1.254s] -- Install configuration: ""
[1.254s] -- Installing: /home/knadimid/autonomy_ws/src/AA_274A_Sections/autonomy_repo/install/autonomy_repo/lib/autonomy_repo/heading_controller.py
[1.255s] -- Installing: /home/knadimid/autonomy_ws/src/AA_274A_Sections/autonomy_repo/install/autonomy_repo/lib/autonomy_repo/p3_plot.py
[1.256s] -- Installing: /home/knadimid/autonomy_ws/src/AA_274A_Sections/autonomy_repo/install/autonomy_repo/lib/autonomy_repo/navigator.py
[1.256s] -- Installing: /home/knadimid/autonomy_ws/src/AA_274A_Sections/autonomy_repo/install/autonomy_repo/lib/autonomy_repo/state_publisher.py
[1.256s] -- Installing: /home/knadimid/autonomy_ws/src/AA_274A_Sections/autonomy_repo/install/autonomy_repo/lib/autonomy_repo/navigator.launch.py
[1.256s] -- Installing: /home/knadimid/autonomy_ws/src/AA_274A_Sections/autonomy_repo/install/autonomy_repo/share/autonomy_repo/launch
[1.257s] -- Installing: /home/knadimid/autonomy_ws/src/AA_274A_Sections/autonomy_repo/install/autonomy_repo/share/autonomy_repo/launch/heading_control.launch.py
[1.257s] -- Installing: /home/knadimid/autonomy_ws/src/AA_274A_Sections/autonomy_repo/install/autonomy_repo/share/autonomy_repo/launch/navigator.launch.py
[1.258s] -- Installing: /home/knadimid/autonomy_ws/src/AA_274A_Sections/autonomy_repo/install/autonomy_repo/share/autonomy_repo/rviz
[1.258s] -- Installing: /home/knadimid/autonomy_ws/src/AA_274A_Sections/autonomy_repo/install/autonomy_repo/share/autonomy_repo/rviz/default.rviz
[1.258s] -- Installing: /home/knadimid/autonomy_ws/src/AA_274A_Sections/autonomy_repo/install/autonomy_repo/share/ament_index/resource_index/package_run_dependencies/autonomy_repo
[1.259s] -- Installing: /home/knadimid/autonomy_ws/src/AA_274A_Sections/autonomy_repo/install/autonomy_repo/share/ament_index/resource_index/parent_prefix_path/autonomy_repo
[1.259s] -- Installing: /home/knadimid/autonomy_ws/src/AA_274A_Sections/autonomy_repo/install/autonomy_repo/share/autonomy_repo/environment/ament_prefix_path.sh
[1.259s] -- Installing: /home/knadimid/autonomy_ws/src/AA_274A_Sections/autonomy_repo/install/autonomy_repo/share/autonomy_repo/environment/ament_prefix_path.dsv
[1.259s] -- Installing: /home/knadimid/autonomy_ws/src/AA_274A_Sections/autonomy_repo/install/autonomy_repo/share/autonomy_repo/environment/path.sh
[1.260s] -- Installing: /home/knadimid/autonomy_ws/src/AA_274A_Sections/autonomy_repo/install/autonomy_repo/share/autonomy_repo/environment/path.dsv
[1.260s] -- Installing: /home/knadimid/autonomy_ws/src/AA_274A_Sections/autonomy_repo/install/autonomy_repo/share/autonomy_repo/local_setup.bash
[1.260s] -- Installing: /home/knadimid/autonomy_ws/src/AA_274A_Sections/autonomy_repo/install/autonomy_repo/share/autonomy_repo/local_setup.sh
[1.260s] -- Installing: /home/knadimid/autonomy_ws/src/AA_274A_Sections/autonomy_repo/install/autonomy_repo/share/autonomy_repo/local_setup.zsh
[1.260s] -- Installing: /home/knadimid/autonomy_ws/src/AA_274A_Sections/autonomy_repo/install/autonomy_repo/share/autonomy_repo/local_setup.dsv
[1.260s] -- Installing: /home/knadimid/autonomy_ws/src/AA_274A_Sections/autonomy_repo/install/autonomy_repo/share/autonomy_repo/package.dsv
[1.261s] -- Installing: /home/knadimid/autonomy_ws/src/AA_274A_Sections/autonomy_repo/install/autonomy_repo/share/ament_index/resource_index/packages/autonomy_repo
[1.261s] -- Installing: /home/knadimid/autonomy_ws/src/AA_274A_Sections/autonomy_repo/install/autonomy_repo/share/autonomy_repo/cmake/autonomy_repoConfig.cmake
[1.261s] -- Installing: /home/knadimid/autonomy_ws/src/AA_274A_Sections/autonomy_repo/install/autonomy_repo/share/autonomy_repo/cmake/autonomy_repoConfig-version.cmake
[1.261s] -- Installing: /home/knadimid/autonomy_ws/src/AA_274A_Sections/autonomy_repo/install/autonomy_repo/share/autonomy_repo/package.xml
[1.264s] Invoked command in '/home/knadimid/autonomy_ws/src/AA_274A_Sections/autonomy_repo/build/autonomy_repo' returned '0': CMAKE_PREFIX_PATH=${CMAKE_PREFIX_PATH}:/opt/ros/humble /usr/bin/cmake --install /home/knadimid/autonomy_ws/src/AA_274A_Sections/autonomy_repo/build/autonomy_repo
